[2025-11-07 19:36:39] ===== 开始 DNS 更新任务 =====
[2025-11-07 19:36:39] 获取 Zone ID...
[2025-11-07 19:36:40] 获取公网 IP...
[2025-11-07 19:36:40] 尝试从 https://api.ipify.org 获取公网 IP...
[2025-11-07 19:36:40] ⚠️ 获取 IP 失败 (https://api.ipify.org): HTTPSConnectionPool(host='api.ipify.org', port=443): Max retries exceeded with url: / (Caused by NewConnectionError('<urllib3.connection.HTTPSConnection object at 0x7f9e5fe1f0>: Failed to establish a new connection: [Errno 111] Connection refused'))
[2025-11-07 19:36:40] 尝试从 https://ipinfo.io/ip 获取公网 IP...
[2025-11-07 19:36:41] 成功获取公网 IP: 139.226.136.36
[2025-11-07 19:36:41] 处理 DNS A 记录: vpn-jb.8833.space
[2025-11-07 19:36:44] ✅ 更新 A 记录 vpn-jb.8833.space 成功。
[2025-11-07 19:36:44] ✅ DNS 更新完成
[2025-11-07 19:36:44] ===== 任务结束 =====

[2025-12-29 17:02:52] ===== 开始 DNS 更新任务 =====
[2025-12-29 17:02:52] 获取 Zone ID...
[2025-12-29 17:02:54] 获取公网 IP...
[2025-12-29 17:02:54] 尝试从 https://api.ipify.org 获取公网 IP...
[2025-12-29 17:02:55] 成功获取公网 IP: 89.39.149.113
[2025-12-29 17:02:55] 处理 DNS A 记录: vpn-shanghai.8833.space
[2025-12-29 17:02:59] ✅ 更新 A 记录 vpn-shanghai.8833.space 成功。
[2025-12-29 17:02:59] ✅ DNS 更新完成
[2025-12-29 17:02:59] ===== 任务结束 =====

[2025-12-29 17:03:41] ===== 开始 DNS 更新任务 =====
[2025-12-29 17:03:41] 获取 Zone ID...
[2025-12-29 17:03:43] 获取公网 IP...
[2025-12-29 17:03:43] 尝试从 https://api.ipify.org 获取公网 IP...
[2025-12-29 17:03:44] 成功获取公网 IP: 89.39.149.113
[2025-12-29 17:03:44] 处理 DNS A 记录: vpn-shanghai.8833.space
[2025-12-29 17:03:48] ✅ 更新 A 记录 vpn-shanghai.8833.space 成功。
[2025-12-29 17:03:48] ✅ DNS 更新完成
[2025-12-29 17:03:48] ===== 任务结束 =====

[2025-12-29 17:03:52] ===== 开始 DNS 更新任务 =====
[2025-12-29 17:03:52] 获取 Zone ID...
[2025-12-29 17:03:54] 获取公网 IP...
[2025-12-29 17:03:54] 尝试从 https://api.ipify.org 获取公网 IP...
[2025-12-29 17:03:55] 成功获取公网 IP: 89.39.149.113
[2025-12-29 17:03:55] 处理 DNS A 记录: vpn-shanghai.8833.space
[2025-12-29 17:03:59] ✅ 更新 A 记录 vpn-shanghai.8833.space 成功。
[2025-12-29 17:03:59] ✅ DNS 更新完成
[2025-12-29 17:03:59] ===== 任务结束 =====

[2025-12-29 17:52:31] ===== 开始 DNS 更新任务 =====
[2025-12-29 17:52:31] 获取 Zone ID...
[2025-12-29 17:52:33] 获取公网 IP...
[2025-12-29 17:52:33] 尝试从 https://api.ipify.org 获取公网 IP...
[2025-12-29 17:52:33] ⚠️ 获取 IP 失败 (https://api.ipify.org): HTTPSConnectionPool(host='api.ipify.org', port=443): Max retries exceeded with url: / (Caused by NewConnectionError('<urllib3.connection.HTTPSConnection object at 0x7f7ecf82e0>: Failed to establish a new connection: [Errno 111] Connection refused'))
[2025-12-29 17:52:33] 尝试从 https://ipinfo.io/ip 获取公网 IP...
[2025-12-29 17:52:33] 成功获取公网 IP: 139.226.136.22
[2025-12-29 17:52:33] 处理 DNS A 记录: vpn-shanghai.8833.space
[2025-12-29 17:52:35] ✅ 更新 A 记录 vpn-shanghai.8833.space 成功。
[2025-12-29 17:52:35] ✅ DNS 更新完成
[2025-12-29 17:52:35] ===== 任务结束 =====

